<?xml version="1.0" encoding="UTF-8"?>
<!-- Generated by org.testng.reporters.JUnitReportReporter -->
<testsuite hostname="DESKTOP-BEUPF5V" failures="0" tests="1" name="selenium.BrowserCommands" time="18.190" errors="0" timestamp="2021-09-11T01:30:12 IST" skipped="0">
  <testcase classname="selenium.BrowserCommands" name="setup" time="18.190"/>
  <system-out/>
</testsuite> <!-- selenium.BrowserCommands -->
