<?xml version="1.0" encoding="UTF-8"?>
<!-- Generated by org.testng.reporters.JUnitReportReporter -->
<testsuite hostname="DESKTOP-BEUPF5V" failures="0" tests="1" name="selenium.Day1" time="18.291" errors="0" timestamp="2021-09-08T07:51:53 IST" skipped="0">
  <testcase classname="selenium.Day1" name="Start" time="18.291"/>
  <system-out/>
</testsuite> <!-- selenium.Day1 -->
