<?xml version="1.0" encoding="UTF-8"?>
<!-- Generated by org.testng.reporters.JUnitReportReporter -->
<testsuite hostname="DESKTOP-BEUPF5V" failures="0" tests="1" name="selenium.Day2" time="7.794" errors="0" timestamp="2021-09-10T06:31:25 IST" skipped="0">
  <testcase classname="selenium.Day2" name="setup" time="7.794"/>
  <system-out/>
</testsuite> <!-- selenium.Day2 -->
