<?xml version="1.0" encoding="UTF-8"?>
<!-- Generated by org.testng.reporters.JUnitReportReporter -->
<testsuite skipped="0" hostname="DESKTOP-BEUPF5V" name="selenium.BrowserCommands" tests="1" failures="0" timestamp="2021-09-11T07:33:54 IST" time="18.291" errors="0">
  <testcase name="setup" time="18.291" classname="selenium.BrowserCommands"/>
  <system-out/>
</testsuite> <!-- selenium.BrowserCommands -->
