<?xml version="1.0" encoding="UTF-8"?>
<!-- Generated by org.testng.reporters.JUnitReportReporter -->
<testsuite skipped="0" hostname="DESKTOP-BEUPF5V" name="selenium.Day1" tests="1" failures="0" timestamp="2021-09-08T07:57:06 IST" time="15.989" errors="0">
  <testcase name="Start" time="15.989" classname="selenium.Day1"/>
  <system-out/>
</testsuite> <!-- selenium.Day1 -->
